[21-Jan-2023 06:29:38 UTC] PHP Warning:  call_user_func_array() expects parameter 1 to be a valid callback, function 'remove_empty_wp_caption_text' not found or invalid function name in /var/www/public/staging-docs.classicpress.net/public_html/wp-includes/class-wp-hook.php on line 289
[21-Jan-2023 06:29:38 UTC] PHP Warning:  call_user_func_array() expects parameter 1 to be a valid callback, function 'remove_empty_wp_caption_text' not found or invalid function name in /var/www/public/staging-docs.classicpress.net/public_html/wp-includes/class-wp-hook.php on line 289
[21-Jan-2023 06:32:48 UTC] PHP Warning:  call_user_func_array() expects parameter 1 to be a valid callback, function 'remove_empty_wp_caption_text' not found or invalid function name in /var/www/public/staging-docs.classicpress.net/public_html/wp-includes/class-wp-hook.php on line 289
[21-Jan-2023 06:32:48 UTC] PHP Warning:  call_user_func_array() expects parameter 1 to be a valid callback, function 'remove_empty_wp_caption_text' not found or invalid function name in /var/www/public/staging-docs.classicpress.net/public_html/wp-includes/class-wp-hook.php on line 289
[21-Jan-2023 06:32:53 UTC] PHP Warning:  call_user_func_array() expects parameter 1 to be a valid callback, function 'remove_empty_wp_caption_text' not found or invalid function name in /var/www/public/staging-docs.classicpress.net/public_html/wp-includes/class-wp-hook.php on line 289
[21-Jan-2023 06:32:53 UTC] PHP Warning:  call_user_func_array() expects parameter 1 to be a valid callback, function 'remove_empty_wp_caption_text' not found or invalid function name in /var/www/public/staging-docs.classicpress.net/public_html/wp-includes/class-wp-hook.php on line 289
[21-Jan-2023 06:33:44 UTC] PHP Warning:  call_user_func_array() expects parameter 1 to be a valid callback, function 'remove_empty_wp_caption_text' not found or invalid function name in /var/www/public/staging-docs.classicpress.net/public_html/wp-includes/class-wp-hook.php on line 289
[21-Jan-2023 06:33:44 UTC] PHP Warning:  call_user_func_array() expects parameter 1 to be a valid callback, function 'remove_empty_wp_caption_text' not found or invalid function name in /var/www/public/staging-docs.classicpress.net/public_html/wp-includes/class-wp-hook.php on line 289
[21-Jan-2023 06:35:55 UTC] PHP Warning:  call_user_func_array() expects parameter 1 to be a valid callback, function 'tg_remove_empty_paragraph_tags_from_shortcodes_wordpress' not found or invalid function name in /var/www/public/staging-docs.classicpress.net/public_html/wp-includes/class-wp-hook.php on line 287
[21-Jan-2023 06:36:31 UTC] PHP Warning:  call_user_func_array() expects parameter 1 to be a valid callback, function 'remove_empty_wp_caption_text' not found or invalid function name in /var/www/public/staging-docs.classicpress.net/public_html/wp-includes/class-wp-hook.php on line 289
[21-Jan-2023 06:36:31 UTC] PHP Warning:  call_user_func_array() expects parameter 1 to be a valid callback, function 'remove_empty_wp_caption_text' not found or invalid function name in /var/www/public/staging-docs.classicpress.net/public_html/wp-includes/class-wp-hook.php on line 289
[21-Jan-2023 06:37:58 UTC] PHP Warning:  call_user_func_array() expects parameter 1 to be a valid callback, function 'remove_empty_wp_caption_text' not found or invalid function name in /var/www/public/staging-docs.classicpress.net/public_html/wp-includes/class-wp-hook.php on line 289
[21-Jan-2023 06:37:58 UTC] PHP Warning:  call_user_func_array() expects parameter 1 to be a valid callback, function 'remove_empty_wp_caption_text' not found or invalid function name in /var/www/public/staging-docs.classicpress.net/public_html/wp-includes/class-wp-hook.php on line 289
[21-Jan-2023 06:38:03 UTC] PHP Warning:  call_user_func_array() expects parameter 1 to be a valid callback, function 'remove_empty_wp_caption_text' not found or invalid function name in /var/www/public/staging-docs.classicpress.net/public_html/wp-includes/class-wp-hook.php on line 289
[21-Jan-2023 06:38:03 UTC] PHP Warning:  call_user_func_array() expects parameter 1 to be a valid callback, function 'remove_empty_wp_caption_text' not found or invalid function name in /var/www/public/staging-docs.classicpress.net/public_html/wp-includes/class-wp-hook.php on line 289
[21-Jan-2023 06:38:37 UTC] PHP Warning:  call_user_func_array() expects parameter 1 to be a valid callback, function 'remove_empty_wp_caption_text' not found or invalid function name in /var/www/public/staging-docs.classicpress.net/public_html/wp-includes/class-wp-hook.php on line 289
[21-Jan-2023 06:38:37 UTC] PHP Warning:  call_user_func_array() expects parameter 1 to be a valid callback, function 'remove_empty_wp_caption_text' not found or invalid function name in /var/www/public/staging-docs.classicpress.net/public_html/wp-includes/class-wp-hook.php on line 289
[21-Jan-2023 06:38:40 UTC] PHP Warning:  call_user_func_array() expects parameter 1 to be a valid callback, function 'remove_empty_wp_caption_text' not found or invalid function name in /var/www/public/staging-docs.classicpress.net/public_html/wp-includes/class-wp-hook.php on line 289
[21-Jan-2023 06:38:40 UTC] PHP Warning:  call_user_func_array() expects parameter 1 to be a valid callback, function 'remove_empty_wp_caption_text' not found or invalid function name in /var/www/public/staging-docs.classicpress.net/public_html/wp-includes/class-wp-hook.php on line 289
[21-Jan-2023 06:39:18 UTC] PHP Warning:  call_user_func_array() expects parameter 1 to be a valid callback, function 'remove_empty_wp_caption_text' not found or invalid function name in /var/www/public/staging-docs.classicpress.net/public_html/wp-includes/class-wp-hook.php on line 289
[21-Jan-2023 06:39:18 UTC] PHP Warning:  call_user_func_array() expects parameter 1 to be a valid callback, function 'remove_empty_wp_caption_text' not found or invalid function name in /var/www/public/staging-docs.classicpress.net/public_html/wp-includes/class-wp-hook.php on line 289
[22-Jan-2023 16:13:44 UTC] PHP Fatal error:  Uncaught Error: Class 'DevHub\Hybrid\Breadcrumbs\Trail' not found in /var/www/public/staging-docs.classicpress.net/public_html/wp-content/themes/cpnet-developer/single.php:12
Stack trace:
#0 /var/www/public/staging-docs.classicpress.net/public_html/wp-includes/template-loader.php(99): include()
#1 /var/www/public/staging-docs.classicpress.net/public_html/wp-blog-header.php(19): require_once('/var/www/public...')
#2 /var/www/public/staging-docs.classicpress.net/public_html/index.php(17): require('/var/www/public...')
#3 {main}
  thrown in /var/www/public/staging-docs.classicpress.net/public_html/wp-content/themes/cpnet-developer/single.php on line 12
[22-Jan-2023 16:13:44 UTC] PHP Fatal error:  Uncaught Error: Class 'DevHub\Hybrid\Breadcrumbs\Trail' not found in /var/www/public/staging-docs.classicpress.net/public_html/wp-content/themes/cpnet-developer/single.php:12
Stack trace:
#0 /var/www/public/staging-docs.classicpress.net/public_html/wp-includes/template-loader.php(99): include()
#1 /var/www/public/staging-docs.classicpress.net/public_html/wp-blog-header.php(19): require_once('/var/www/public...')
#2 /var/www/public/staging-docs.classicpress.net/public_html/index.php(17): require('/var/www/public...')
#3 {main}
  thrown in /var/www/public/staging-docs.classicpress.net/public_html/wp-content/themes/cpnet-developer/single.php on line 12
[22-Jan-2023 16:13:45 UTC] PHP Fatal error:  Uncaught Error: Class 'DevHub\Hybrid\Breadcrumbs\Trail' not found in /var/www/public/staging-docs.classicpress.net/public_html/wp-content/themes/cpnet-developer/single.php:12
Stack trace:
#0 /var/www/public/staging-docs.classicpress.net/public_html/wp-includes/template-loader.php(99): include()
#1 /var/www/public/staging-docs.classicpress.net/public_html/wp-blog-header.php(19): require_once('/var/www/public...')
#2 /var/www/public/staging-docs.classicpress.net/public_html/index.php(17): require('/var/www/public...')
#3 {main}
  thrown in /var/www/public/staging-docs.classicpress.net/public_html/wp-content/themes/cpnet-developer/single.php on line 12
[22-Jan-2023 16:14:09 UTC] PHP Fatal error:  Uncaught Error: Class 'DevHub\DevHub\Breadcrumbs\Trail' not found in /var/www/public/staging-docs.classicpress.net/public_html/wp-content/themes/cpnet-developer/single.php:12
Stack trace:
#0 /var/www/public/staging-docs.classicpress.net/public_html/wp-includes/template-loader.php(99): include()
#1 /var/www/public/staging-docs.classicpress.net/public_html/wp-blog-header.php(19): require_once('/var/www/public...')
#2 /var/www/public/staging-docs.classicpress.net/public_html/index.php(17): require('/var/www/public...')
#3 {main}
  thrown in /var/www/public/staging-docs.classicpress.net/public_html/wp-content/themes/cpnet-developer/single.php on line 12
[22-Jan-2023 16:14:09 UTC] PHP Fatal error:  Uncaught Error: Class 'DevHub\DevHub\Breadcrumbs\Trail' not found in /var/www/public/staging-docs.classicpress.net/public_html/wp-content/themes/cpnet-developer/single.php:12
Stack trace:
#0 /var/www/public/staging-docs.classicpress.net/public_html/wp-includes/template-loader.php(99): include()
#1 /var/www/public/staging-docs.classicpress.net/public_html/wp-blog-header.php(19): require_once('/var/www/public...')
#2 /var/www/public/staging-docs.classicpress.net/public_html/index.php(17): require('/var/www/public...')
#3 {main}
  thrown in /var/www/public/staging-docs.classicpress.net/public_html/wp-content/themes/cpnet-developer/single.php on line 12
[22-Jan-2023 16:14:10 UTC] PHP Fatal error:  Uncaught Error: Class 'DevHub\DevHub\Breadcrumbs\Trail' not found in /var/www/public/staging-docs.classicpress.net/public_html/wp-content/themes/cpnet-developer/single.php:12
Stack trace:
#0 /var/www/public/staging-docs.classicpress.net/public_html/wp-includes/template-loader.php(99): include()
#1 /var/www/public/staging-docs.classicpress.net/public_html/wp-blog-header.php(19): require_once('/var/www/public...')
#2 /var/www/public/staging-docs.classicpress.net/public_html/index.php(17): require('/var/www/public...')
#3 {main}
  thrown in /var/www/public/staging-docs.classicpress.net/public_html/wp-content/themes/cpnet-developer/single.php on line 12
[22-Jan-2023 16:14:25 UTC] PHP Fatal error:  Uncaught Error: Class 'DevHub\DevHub\Hybrid\Breadcrumbs\Trail' not found in /var/www/public/staging-docs.classicpress.net/public_html/wp-content/themes/cpnet-developer/single.php:12
Stack trace:
#0 /var/www/public/staging-docs.classicpress.net/public_html/wp-includes/template-loader.php(99): include()
#1 /var/www/public/staging-docs.classicpress.net/public_html/wp-blog-header.php(19): require_once('/var/www/public...')
#2 /var/www/public/staging-docs.classicpress.net/public_html/index.php(17): require('/var/www/public...')
#3 {main}
  thrown in /var/www/public/staging-docs.classicpress.net/public_html/wp-content/themes/cpnet-developer/single.php on line 12
[22-Jan-2023 16:14:26 UTC] PHP Fatal error:  Uncaught Error: Class 'DevHub\DevHub\Hybrid\Breadcrumbs\Trail' not found in /var/www/public/staging-docs.classicpress.net/public_html/wp-content/themes/cpnet-developer/single.php:12
Stack trace:
#0 /var/www/public/staging-docs.classicpress.net/public_html/wp-includes/template-loader.php(99): include()
#1 /var/www/public/staging-docs.classicpress.net/public_html/wp-blog-header.php(19): require_once('/var/www/public...')
#2 /var/www/public/staging-docs.classicpress.net/public_html/index.php(17): require('/var/www/public...')
#3 {main}
  thrown in /var/www/public/staging-docs.classicpress.net/public_html/wp-content/themes/cpnet-developer/single.php on line 12
[22-Jan-2023 16:14:26 UTC] PHP Fatal error:  Uncaught Error: Class 'DevHub\DevHub\Hybrid\Breadcrumbs\Trail' not found in /var/www/public/staging-docs.classicpress.net/public_html/wp-content/themes/cpnet-developer/single.php:12
Stack trace:
#0 /var/www/public/staging-docs.classicpress.net/public_html/wp-includes/template-loader.php(99): include()
#1 /var/www/public/staging-docs.classicpress.net/public_html/wp-blog-header.php(19): require_once('/var/www/public...')
#2 /var/www/public/staging-docs.classicpress.net/public_html/index.php(17): require('/var/www/public...')
#3 {main}
  thrown in /var/www/public/staging-docs.classicpress.net/public_html/wp-content/themes/cpnet-developer/single.php on line 12
[22-Jan-2023 16:15:53 UTC] PHP Fatal error:  Uncaught Error: Class 'DevHub\DevHub\Hybrid\Breadcrumbs\Trail' not found in /var/www/public/staging-docs.classicpress.net/public_html/wp-content/themes/cpnet-developer/single.php:12
Stack trace:
#0 /var/www/public/staging-docs.classicpress.net/public_html/wp-includes/template-loader.php(99): include()
#1 /var/www/public/staging-docs.classicpress.net/public_html/wp-blog-header.php(19): require_once('/var/www/public...')
#2 /var/www/public/staging-docs.classicpress.net/public_html/index.php(17): require('/var/www/public...')
#3 {main}
  thrown in /var/www/public/staging-docs.classicpress.net/public_html/wp-content/themes/cpnet-developer/single.php on line 12
[22-Jan-2023 16:16:16 UTC] PHP Fatal error:  Uncaught Error: Class 'DevHub\Breadcrumbs\Trail' not found in /var/www/public/staging-docs.classicpress.net/public_html/wp-content/themes/cpnet-developer/single.php:12
Stack trace:
#0 /var/www/public/staging-docs.classicpress.net/public_html/wp-includes/template-loader.php(99): include()
#1 /var/www/public/staging-docs.classicpress.net/public_html/wp-blog-header.php(19): require_once('/var/www/public...')
#2 /var/www/public/staging-docs.classicpress.net/public_html/index.php(17): require('/var/www/public...')
#3 {main}
  thrown in /var/www/public/staging-docs.classicpress.net/public_html/wp-content/themes/cpnet-developer/single.php on line 12
[22-Jan-2023 16:16:16 UTC] PHP Fatal error:  Uncaught Error: Class 'DevHub\Breadcrumbs\Trail' not found in /var/www/public/staging-docs.classicpress.net/public_html/wp-content/themes/cpnet-developer/single.php:12
Stack trace:
#0 /var/www/public/staging-docs.classicpress.net/public_html/wp-includes/template-loader.php(99): include()
#1 /var/www/public/staging-docs.classicpress.net/public_html/wp-blog-header.php(19): require_once('/var/www/public...')
#2 /var/www/public/staging-docs.classicpress.net/public_html/index.php(17): require('/var/www/public...')
#3 {main}
  thrown in /var/www/public/staging-docs.classicpress.net/public_html/wp-content/themes/cpnet-developer/single.php on line 12
[22-Jan-2023 16:16:17 UTC] PHP Fatal error:  Uncaught Error: Class 'DevHub\Breadcrumbs\Trail' not found in /var/www/public/staging-docs.classicpress.net/public_html/wp-content/themes/cpnet-developer/single.php:12
Stack trace:
#0 /var/www/public/staging-docs.classicpress.net/public_html/wp-includes/template-loader.php(99): include()
#1 /var/www/public/staging-docs.classicpress.net/public_html/wp-blog-header.php(19): require_once('/var/www/public...')
#2 /var/www/public/staging-docs.classicpress.net/public_html/index.php(17): require('/var/www/public...')
#3 {main}
  thrown in /var/www/public/staging-docs.classicpress.net/public_html/wp-content/themes/cpnet-developer/single.php on line 12
[22-Jan-2023 16:17:07 UTC] PHP Fatal error:  Uncaught Error: Class 'DevHub\Breadcrumbs\Trail' not found in /var/www/public/staging-docs.classicpress.net/public_html/wp-content/themes/cpnet-developer/single.php:12
Stack trace:
#0 /var/www/public/staging-docs.classicpress.net/public_html/wp-includes/template-loader.php(99): include()
#1 /var/www/public/staging-docs.classicpress.net/public_html/wp-blog-header.php(19): require_once('/var/www/public...')
#2 /var/www/public/staging-docs.classicpress.net/public_html/index.php(17): require('/var/www/public...')
#3 {main}
  thrown in /var/www/public/staging-docs.classicpress.net/public_html/wp-content/themes/cpnet-developer/single.php on line 12
[22-Jan-2023 16:17:08 UTC] PHP Fatal error:  Uncaught Error: Class 'DevHub\Breadcrumbs\Trail' not found in /var/www/public/staging-docs.classicpress.net/public_html/wp-content/themes/cpnet-developer/single.php:12
Stack trace:
#0 /var/www/public/staging-docs.classicpress.net/public_html/wp-includes/template-loader.php(99): include()
#1 /var/www/public/staging-docs.classicpress.net/public_html/wp-blog-header.php(19): require_once('/var/www/public...')
#2 /var/www/public/staging-docs.classicpress.net/public_html/index.php(17): require('/var/www/public...')
#3 {main}
  thrown in /var/www/public/staging-docs.classicpress.net/public_html/wp-content/themes/cpnet-developer/single.php on line 12
[22-Jan-2023 16:17:08 UTC] PHP Fatal error:  Uncaught Error: Class 'DevHub\Breadcrumbs\Trail' not found in /var/www/public/staging-docs.classicpress.net/public_html/wp-content/themes/cpnet-developer/single.php:12
Stack trace:
#0 /var/www/public/staging-docs.classicpress.net/public_html/wp-includes/template-loader.php(99): include()
#1 /var/www/public/staging-docs.classicpress.net/public_html/wp-blog-header.php(19): require_once('/var/www/public...')
#2 /var/www/public/staging-docs.classicpress.net/public_html/index.php(17): require('/var/www/public...')
#3 {main}
  thrown in /var/www/public/staging-docs.classicpress.net/public_html/wp-content/themes/cpnet-developer/single.php on line 12
[22-Jan-2023 16:17:29 UTC] PHP Fatal error:  Uncaught Error: Class 'DevHub\Hybrid\Breadcrumbs\Trail' not found in /var/www/public/staging-docs.classicpress.net/public_html/wp-content/themes/cpnet-developer/single.php:12
Stack trace:
#0 /var/www/public/staging-docs.classicpress.net/public_html/wp-includes/template-loader.php(99): include()
#1 /var/www/public/staging-docs.classicpress.net/public_html/wp-blog-header.php(19): require_once('/var/www/public...')
#2 /var/www/public/staging-docs.classicpress.net/public_html/index.php(17): require('/var/www/public...')
#3 {main}
  thrown in /var/www/public/staging-docs.classicpress.net/public_html/wp-content/themes/cpnet-developer/single.php on line 12
[22-Jan-2023 16:17:30 UTC] PHP Fatal error:  Uncaught Error: Class 'DevHub\Hybrid\Breadcrumbs\Trail' not found in /var/www/public/staging-docs.classicpress.net/public_html/wp-content/themes/cpnet-developer/single.php:12
Stack trace:
#0 /var/www/public/staging-docs.classicpress.net/public_html/wp-includes/template-loader.php(99): include()
#1 /var/www/public/staging-docs.classicpress.net/public_html/wp-blog-header.php(19): require_once('/var/www/public...')
#2 /var/www/public/staging-docs.classicpress.net/public_html/index.php(17): require('/var/www/public...')
#3 {main}
  thrown in /var/www/public/staging-docs.classicpress.net/public_html/wp-content/themes/cpnet-developer/single.php on line 12
[22-Jan-2023 16:17:30 UTC] PHP Fatal error:  Uncaught Error: Class 'DevHub\Hybrid\Breadcrumbs\Trail' not found in /var/www/public/staging-docs.classicpress.net/public_html/wp-content/themes/cpnet-developer/single.php:12
Stack trace:
#0 /var/www/public/staging-docs.classicpress.net/public_html/wp-includes/template-loader.php(99): include()
#1 /var/www/public/staging-docs.classicpress.net/public_html/wp-blog-header.php(19): require_once('/var/www/public...')
#2 /var/www/public/staging-docs.classicpress.net/public_html/index.php(17): require('/var/www/public...')
#3 {main}
  thrown in /var/www/public/staging-docs.classicpress.net/public_html/wp-content/themes/cpnet-developer/single.php on line 12
[22-Jan-2023 16:41:58 UTC] PHP Fatal error:  Uncaught Error: Call to undefined function breadcrumb_trail() in /var/www/public/staging-docs.classicpress.net/public_html/wp-content/themes/cpnet-developer/page.php:18
Stack trace:
#0 /var/www/public/staging-docs.classicpress.net/public_html/wp-includes/template-loader.php(99): include()
#1 /var/www/public/staging-docs.classicpress.net/public_html/wp-blog-header.php(19): require_once('/var/www/public...')
#2 /var/www/public/staging-docs.classicpress.net/public_html/index.php(17): require('/var/www/public...')
#3 {main}
  thrown in /var/www/public/staging-docs.classicpress.net/public_html/wp-content/themes/cpnet-developer/page.php on line 18
[22-Jan-2023 16:42:00 UTC] PHP Fatal error:  Uncaught Error: Call to undefined function breadcrumb_trail() in /var/www/public/staging-docs.classicpress.net/public_html/wp-content/themes/cpnet-developer/page.php:18
Stack trace:
#0 /var/www/public/staging-docs.classicpress.net/public_html/wp-includes/template-loader.php(99): include()
#1 /var/www/public/staging-docs.classicpress.net/public_html/wp-blog-header.php(19): require_once('/var/www/public...')
#2 /var/www/public/staging-docs.classicpress.net/public_html/index.php(17): require('/var/www/public...')
#3 {main}
  thrown in /var/www/public/staging-docs.classicpress.net/public_html/wp-content/themes/cpnet-developer/page.php on line 18
